Build started 3/14/2016 7:52:00 PM.
     1>Project "C:\Users\Adan\Desktop\BasketballSim\Project3.vcxproj" on node 2 (Build target(s)).
     1>ClCompile:
         C:\Program Files (x86)\Microsoft Visual Studio 12.0\VC\bin\CL.exe /c /ZI /nologo /W3 /WX- /sdl /Od /Oy- /D _MBCS /Gm /EHsc /RTC1 /MDd /GS /fp:precise /Zc:wchar_t /Zc:forScope /Fo"Debug\\" /Fd"Debug\vc120.pdb" /Gd /TP /analyze- /errorReport:prompt ProbMatrix.cpp Team.cpp
         Team.cpp
         ProbMatrix.cpp
     1>c:\users\adan\desktop\basketballsim\probmatrix.cpp(122): warning C4244: '=' : conversion from 'double' to 'float', possible loss of data
     1>c:\users\adan\desktop\basketballsim\probmatrix.cpp(125): warning C4244: '=' : conversion from 'double' to 'float', possible loss of data
     1>c:\users\adan\desktop\basketballsim\probmatrix.cpp(128): warning C4244: '=' : conversion from 'double' to 'float', possible loss of data
     1>c:\users\adan\desktop\basketballsim\probmatrix.cpp(131): warning C4244: '=' : conversion from 'double' to 'float', possible loss of data
         Generating Code...
       Link:
         C:\Program Files (x86)\Microsoft Visual Studio 12.0\VC\bin\link.exe /ERRORREPORT:PROMPT /OUT:"C:\Users\Adan\Desktop\BasketballSim\Debug\BallSim.exe" /INCREMENTAL /NOLOGO kernel32.lib user32.lib gdi32.lib winspool.lib comdlg32.lib advapi32.lib shell32.lib ole32.lib oleaut32.lib uuid.lib odbc32.lib odbccp32.lib /MANIFEST /MANIFESTUAC:"level='asInvoker' uiAccess='false'" /manifest:embed /DEBUG /PDB:"C:\Users\Adan\Desktop\BasketballSim\Debug\BallSim.pdb" /TLBID:1 /DYNAMICBASE /NXCOMPAT /IMPLIB:"C:\Users\Adan\Desktop\BasketballSim\Debug\BallSim.lib" /MACHINE:X86 Debug\main.obj
         Debug\Player.obj
         Debug\ProbMatrix.obj
         Debug\Team.obj
         Project3.vcxproj -> C:\Users\Adan\Desktop\BasketballSim\Debug\BallSim.exe
     1>Done Building Project "C:\Users\Adan\Desktop\BasketballSim\Project3.vcxproj" (Build target(s)).

Build succeeded.

Time Elapsed 00:00:10.93
